mode: set
github.com/tochemey/ego/v4/durable_state_actor.go:68.48,70.2 1 1
github.com/tochemey/ego/v4/durable_state_actor.go:73.69,78.48 4 1
github.com/tochemey/ego/v4/durable_state_actor.go:78.48,79.24 1 1
github.com/tochemey/ego/v4/durable_state_actor.go:79.24,80.61 1 1
github.com/tochemey/ego/v4/durable_state_actor.go:80.61,82.10 2 1
github.com/tochemey/ego/v4/durable_state_actor.go:87.2,87.71 1 1
github.com/tochemey/ego/v4/durable_state_actor.go:87.71,91.3 3 1
github.com/tochemey/ego/v4/durable_state_actor.go:93.2,96.26 1 1
github.com/tochemey/ego/v4/durable_state_actor.go:96.26,97.30 1 1
github.com/tochemey/ego/v4/durable_state_actor.go:97.30,99.5 1 0
github.com/tochemey/ego/v4/durable_state_actor.go:100.4,100.14 1 1
github.com/tochemey/ego/v4/durable_state_actor.go:102.26,102.74 1 1
github.com/tochemey/ego/v4/durable_state_actor.go:103.26,103.75 1 1
github.com/tochemey/ego/v4/durable_state_actor.go:104.21,106.3 1 1
github.com/tochemey/ego/v4/durable_state_actor.go:108.2,108.27 1 1
github.com/tochemey/ego/v4/durable_state_actor.go:108.27,110.3 1 1
github.com/tochemey/ego/v4/durable_state_actor.go:112.2,112.12 1 1
github.com/tochemey/ego/v4/durable_state_actor.go:116.69,117.41 1 1
github.com/tochemey/ego/v4/durable_state_actor.go:118.24,119.41 1 1
github.com/tochemey/ego/v4/durable_state_actor.go:120.30,121.29 1 1
github.com/tochemey/ego/v4/durable_state_actor.go:122.10,124.34 2 1
github.com/tochemey/ego/v4/durable_state_actor.go:129.69,130.27 1 1
github.com/tochemey/ego/v4/durable_state_actor.go:130.27,132.3 1 1
github.com/tochemey/ego/v4/durable_state_actor.go:133.2,135.26 1 1
github.com/tochemey/ego/v4/durable_state_actor.go:135.26,135.74 1 1
github.com/tochemey/ego/v4/durable_state_actor.go:136.26,136.81 1 1
github.com/tochemey/ego/v4/durable_state_actor.go:142.78,144.16 2 1
github.com/tochemey/ego/v4/durable_state_actor.go:144.16,146.3 1 1
github.com/tochemey/ego/v4/durable_state_actor.go:148.2,148.79 1 1
github.com/tochemey/ego/v4/durable_state_actor.go:148.79,151.3 2 1
github.com/tochemey/ego/v4/durable_state_actor.go:153.2,154.79 2 1
github.com/tochemey/ego/v4/durable_state_actor.go:154.79,155.66 1 1
github.com/tochemey/ego/v4/durable_state_actor.go:155.66,157.4 1 1
github.com/tochemey/ego/v4/durable_state_actor.go:160.2,162.12 3 1
github.com/tochemey/ego/v4/durable_state_actor.go:166.104,170.26 3 1
github.com/tochemey/ego/v4/durable_state_actor.go:170.26,178.3 3 1
github.com/tochemey/ego/v4/durable_state_actor.go:180.2,180.27 1 1
github.com/tochemey/ego/v4/durable_state_actor.go:180.27,182.16 2 1
github.com/tochemey/ego/v4/durable_state_actor.go:182.16,185.4 2 1
github.com/tochemey/ego/v4/durable_state_actor.go:188.2,189.16 2 1
github.com/tochemey/ego/v4/durable_state_actor.go:189.16,192.3 2 1
github.com/tochemey/ego/v4/durable_state_actor.go:195.2,195.72 1 1
github.com/tochemey/ego/v4/durable_state_actor.go:195.72,198.3 2 1
github.com/tochemey/ego/v4/durable_state_actor.go:201.2,205.59 4 1
github.com/tochemey/ego/v4/durable_state_actor.go:205.59,208.3 2 0
github.com/tochemey/ego/v4/durable_state_actor.go:210.2,210.39 1 1
github.com/tochemey/ego/v4/durable_state_actor.go:214.76,226.2 2 1
github.com/tochemey/ego/v4/durable_state_actor.go:229.87,237.2 1 1
github.com/tochemey/ego/v4/durable_state_actor.go:240.94,244.41 4 1
github.com/tochemey/ego/v4/durable_state_actor.go:244.41,246.3 1 1
github.com/tochemey/ego/v4/durable_state_actor.go:248.2,249.14 2 1
github.com/tochemey/ego/v4/durable_state_actor.go:249.14,254.3 1 1
github.com/tochemey/ego/v4/durable_state_actor.go:255.2,255.12 1 1
github.com/tochemey/ego/v4/durable_state_actor.go:259.63,260.30 1 1
github.com/tochemey/ego/v4/durable_state_actor.go:260.30,262.3 1 0
github.com/tochemey/ego/v4/durable_state_actor.go:263.2,263.12 1 1
github.com/tochemey/ego/v4/durable_state_actor.go:267.84,283.21 7 1
github.com/tochemey/ego/v4/durable_state_actor.go:283.21,286.3 2 1
github.com/tochemey/ego/v4/durable_state_actor.go:288.2,288.21 1 1
github.com/tochemey/ego/v4/durable_state_actor.go:288.21,290.3 1 1
github.com/tochemey/ego/v4/durable_state_actor.go:292.2,292.18 1 1
github.com/tochemey/ego/v4/engine.go:129.90,143.27 3 1
github.com/tochemey/ego/v4/engine.go:143.27,145.3 1 1
github.com/tochemey/ego/v4/engine.go:147.2,148.10 2 1
github.com/tochemey/ego/v4/engine.go:162.56,163.29 1 1
github.com/tochemey/ego/v4/engine.go:163.29,165.3 1 1
github.com/tochemey/ego/v4/engine.go:167.2,168.16 2 1
github.com/tochemey/ego/v4/engine.go:168.16,170.3 1 1
github.com/tochemey/ego/v4/engine.go:172.2,172.59 1 1
github.com/tochemey/ego/v4/engine.go:172.59,174.3 1 0
github.com/tochemey/ego/v4/engine.go:176.2,177.12 2 1
github.com/tochemey/ego/v4/engine.go:197.77,198.23 1 1
github.com/tochemey/ego/v4/engine.go:198.23,200.3 1 1
github.com/tochemey/ego/v4/engine.go:202.2,216.49 6 1
github.com/tochemey/ego/v4/engine.go:216.49,218.3 1 1
github.com/tochemey/ego/v4/engine.go:220.2,220.12 1 1
github.com/tochemey/ego/v4/engine.go:234.80,235.23 1 1
github.com/tochemey/ego/v4/engine.go:235.23,237.3 1 1
github.com/tochemey/ego/v4/engine.go:239.2,243.36 4 1
github.com/tochemey/ego/v4/engine.go:259.91,260.23 1 1
github.com/tochemey/ego/v4/engine.go:260.23,262.3 1 1
github.com/tochemey/ego/v4/engine.go:263.2,268.16 5 1
github.com/tochemey/ego/v4/engine.go:268.16,270.3 1 1
github.com/tochemey/ego/v4/engine.go:272.2,272.16 1 1
github.com/tochemey/ego/v4/engine.go:272.16,274.3 1 1
github.com/tochemey/ego/v4/engine.go:276.2,276.19 1 0
github.com/tochemey/ego/v4/engine.go:292.97,293.23 1 1
github.com/tochemey/ego/v4/engine.go:293.23,295.3 1 1
github.com/tochemey/ego/v4/engine.go:297.2,301.24 4 1
github.com/tochemey/ego/v4/engine.go:301.24,303.3 1 1
github.com/tochemey/ego/v4/engine.go:306.2,306.59 1 1
github.com/tochemey/ego/v4/engine.go:306.59,308.3 1 0
github.com/tochemey/ego/v4/engine.go:311.2,311.77 1 1
github.com/tochemey/ego/v4/engine.go:311.77,313.3 1 0
github.com/tochemey/ego/v4/engine.go:316.2,316.56 1 1
github.com/tochemey/ego/v4/engine.go:316.56,318.3 1 0
github.com/tochemey/ego/v4/engine.go:320.2,320.12 1 1
github.com/tochemey/ego/v4/engine.go:334.55,335.23 1 1
github.com/tochemey/ego/v4/engine.go:335.23,337.3 1 1
github.com/tochemey/ego/v4/engine.go:339.2,343.39 3 1
github.com/tochemey/ego/v4/engine.go:343.39,347.53 3 1
github.com/tochemey/ego/v4/engine.go:347.53,349.4 1 1
github.com/tochemey/ego/v4/engine.go:352.2,353.39 2 1
github.com/tochemey/ego/v4/engine.go:353.39,356.53 3 1
github.com/tochemey/ego/v4/engine.go:356.53,358.4 1 1
github.com/tochemey/ego/v4/engine.go:361.2,365.37 5 1
github.com/tochemey/ego/v4/engine.go:369.38,371.2 1 1
github.com/tochemey/ego/v4/engine.go:381.67,382.23 1 1
github.com/tochemey/ego/v4/engine.go:382.23,384.3 1 1
github.com/tochemey/ego/v4/engine.go:386.2,393.60 7 1
github.com/tochemey/ego/v4/engine.go:393.60,395.3 1 1
github.com/tochemey/ego/v4/engine.go:397.2,397.24 1 1
github.com/tochemey/ego/v4/engine.go:422.109,423.23 1 1
github.com/tochemey/ego/v4/engine.go:423.23,425.3 1 1
github.com/tochemey/ego/v4/engine.go:427.2,439.35 8 1
github.com/tochemey/ego/v4/engine.go:439.35,444.3 4 1
github.com/tochemey/ego/v4/engine.go:445.2,449.12 4 1
github.com/tochemey/ego/v4/engine.go:473.121,474.23 1 1
github.com/tochemey/ego/v4/engine.go:474.23,476.3 1 1
github.com/tochemey/ego/v4/engine.go:478.2,483.30 5 1
github.com/tochemey/ego/v4/engine.go:483.30,485.3 1 1
github.com/tochemey/ego/v4/engine.go:488.2,494.12 5 1
github.com/tochemey/ego/v4/engine.go:520.160,521.23 1 1
github.com/tochemey/ego/v4/engine.go:521.23,523.3 1 1
github.com/tochemey/ego/v4/engine.go:526.2,526.20 1 1
github.com/tochemey/ego/v4/engine.go:526.20,528.3 1 1
github.com/tochemey/ego/v4/engine.go:530.2,535.16 5 1
github.com/tochemey/ego/v4/engine.go:535.16,537.3 1 1
github.com/tochemey/ego/v4/engine.go:540.2,541.8 2 1
github.com/tochemey/ego/v4/engine.go:541.8,543.3 1 1
github.com/tochemey/ego/v4/engine.go:544.2,544.45 1 0
github.com/tochemey/ego/v4/engine.go:556.78,557.23 1 1
github.com/tochemey/ego/v4/engine.go:557.23,559.3 1 1
github.com/tochemey/ego/v4/engine.go:561.2,564.39 3 1
github.com/tochemey/ego/v4/engine.go:564.39,567.32 3 1
github.com/tochemey/ego/v4/engine.go:567.32,570.4 2 1
github.com/tochemey/ego/v4/engine.go:573.3,584.39 4 1
github.com/tochemey/ego/v4/engine.go:587.2,587.12 1 1
github.com/tochemey/ego/v4/engine.go:600.78,601.23 1 1
github.com/tochemey/ego/v4/engine.go:601.23,603.3 1 1
github.com/tochemey/ego/v4/engine.go:605.2,608.39 3 1
github.com/tochemey/ego/v4/engine.go:608.39,612.32 3 1
github.com/tochemey/ego/v4/engine.go:612.32,615.4 2 1
github.com/tochemey/ego/v4/engine.go:618.3,629.39 4 1
github.com/tochemey/ego/v4/engine.go:632.2,632.12 1 1
github.com/tochemey/ego/v4/engine.go:647.101,648.23 1 1
github.com/tochemey/ego/v4/engine.go:648.23,650.3 1 1
github.com/tochemey/ego/v4/engine.go:652.2,669.16 9 1
github.com/tochemey/ego/v4/engine.go:669.16,671.3 1 0
github.com/tochemey/ego/v4/engine.go:673.2,673.12 1 1
github.com/tochemey/ego/v4/engine.go:686.112,687.23 1 1
github.com/tochemey/ego/v4/engine.go:687.23,689.3 1 1
github.com/tochemey/ego/v4/engine.go:691.2,691.18 1 1
github.com/tochemey/ego/v4/engine.go:691.18,693.3 1 1
github.com/tochemey/ego/v4/engine.go:695.2,700.16 5 1
github.com/tochemey/ego/v4/engine.go:700.16,702.3 1 1
github.com/tochemey/ego/v4/engine.go:704.2,705.9 2 1
github.com/tochemey/ego/v4/engine.go:705.9,707.3 1 0
github.com/tochemey/ego/v4/engine.go:709.2,710.16 2 1
github.com/tochemey/ego/v4/engine.go:710.16,712.3 1 0
github.com/tochemey/ego/v4/engine.go:714.2,717.8 1 1
github.com/tochemey/ego/v4/engine.go:724.95,725.23 1 1
github.com/tochemey/ego/v4/engine.go:725.23,727.3 1 1
github.com/tochemey/ego/v4/engine.go:729.2,734.10 5 1
github.com/tochemey/ego/v4/engine.go:734.10,737.17 2 1
github.com/tochemey/ego/v4/engine.go:737.17,739.4 1 0
github.com/tochemey/ego/v4/engine.go:740.3,740.25 1 1
github.com/tochemey/ego/v4/engine.go:740.25,741.104 1 1
github.com/tochemey/ego/v4/engine.go:741.104,743.5 1 0
github.com/tochemey/ego/v4/engine.go:745.3,745.49 1 1
github.com/tochemey/ego/v4/engine.go:745.49,746.109 1 1
github.com/tochemey/ego/v4/engine.go:746.109,748.5 1 0
github.com/tochemey/ego/v4/engine.go:752.2,752.12 1 1
github.com/tochemey/ego/v4/engine.go:758.115,759.23 1 1
github.com/tochemey/ego/v4/engine.go:759.23,761.3 1 1
github.com/tochemey/ego/v4/engine.go:763.2,768.24 5 1
github.com/tochemey/ego/v4/engine.go:768.24,770.3 1 1
github.com/tochemey/ego/v4/engine.go:772.2,773.16 2 1
github.com/tochemey/ego/v4/engine.go:773.16,775.3 1 0
github.com/tochemey/ego/v4/engine.go:777.2,778.31 2 1
github.com/tochemey/ego/v4/engine.go:778.31,785.17 3 1
github.com/tochemey/ego/v4/engine.go:785.17,787.4 1 0
github.com/tochemey/ego/v4/engine.go:789.3,790.17 2 1
github.com/tochemey/ego/v4/engine.go:790.17,792.4 1 0
github.com/tochemey/ego/v4/engine.go:794.3,794.23 1 1
github.com/tochemey/ego/v4/engine.go:794.23,796.12 2 0
github.com/tochemey/ego/v4/engine.go:801.3,802.17 2 1
github.com/tochemey/ego/v4/engine.go:802.17,804.4 1 0
github.com/tochemey/ego/v4/engine.go:806.3,806.26 1 1
github.com/tochemey/ego/v4/engine.go:806.26,808.12 2 0
github.com/tochemey/ego/v4/engine.go:811.3,815.16 4 1
github.com/tochemey/ego/v4/engine.go:815.16,817.4 1 0
github.com/tochemey/ego/v4/engine.go:818.3,818.56 1 1
github.com/tochemey/ego/v4/engine.go:821.2,821.18 1 1
github.com/tochemey/ego/v4/engine.go:825.74,831.38 2 1
github.com/tochemey/ego/v4/engine.go:832.38,834.17 2 1
github.com/tochemey/ego/v4/engine.go:834.17,836.4 1 1
github.com/tochemey/ego/v4/engine.go:838.3,838.26 1 1
github.com/tochemey/ego/v4/engine.go:839.14,840.51 1 1
github.com/tochemey/ego/v4/engine.go:841.11,842.79 1 0
github.com/tochemey/ego/v4/engine.go:844.38,846.23 2 1
github.com/tochemey/ego/v4/engine.go:848.2,848.50 1 1
github.com/tochemey/ego/v4/engine.go:852.72,854.25 2 1
github.com/tochemey/ego/v4/engine.go:855.9,856.53 1 1
github.com/tochemey/ego/v4/engine.go:857.10,858.39 1 1
github.com/tochemey/ego/v4/engine.go:858.39,860.4 1 1
github.com/tochemey/ego/v4/engine.go:862.2,862.15 1 1
github.com/tochemey/ego/v4/engine.go:865.65,867.2 1 1
github.com/tochemey/ego/v4/engine.go:869.75,874.31 2 1
github.com/tochemey/ego/v4/engine.go:874.31,876.3 1 1
github.com/tochemey/ego/v4/engine.go:878.2,878.24 1 1
github.com/tochemey/ego/v4/engine.go:878.24,880.3 1 1
github.com/tochemey/ego/v4/engine.go:882.2,887.17 2 1
github.com/tochemey/ego/v4/engine.go:890.74,892.2 1 1
github.com/tochemey/ego/v4/engine.go:894.73,895.19 1 1
github.com/tochemey/ego/v4/engine.go:896.17,897.25 1 1
github.com/tochemey/ego/v4/engine.go:898.14,899.22 1 1
github.com/tochemey/ego/v4/engine.go:900.13,901.21 1 1
github.com/tochemey/ego/v4/engine.go:902.10,903.26 1 1
github.com/tochemey/ego/v4/engine.go:907.80,908.19 1 1
github.com/tochemey/ego/v4/engine.go:909.21,910.34 1 1
github.com/tochemey/ego/v4/engine.go:911.10,912.37 1 1
github.com/tochemey/ego/v4/engine.go:917.68,922.16 4 1
github.com/tochemey/ego/v4/engine.go:922.16,924.3 1 1
github.com/tochemey/ego/v4/engine.go:926.2,928.18 3 1
github.com/tochemey/ego/v4/engine.go:932.52,943.2 1 1
github.com/tochemey/ego/v4/engine.go:946.93,947.30 1 1
github.com/tochemey/ego/v4/engine.go:947.30,949.3 1 1
github.com/tochemey/ego/v4/engine.go:951.2,951.31 1 1
github.com/tochemey/ego/v4/engine.go:951.31,953.3 1 1
github.com/tochemey/ego/v4/engine.go:955.2,955.39 1 1
github.com/tochemey/ego/v4/engine.go:955.39,956.32 1 1
github.com/tochemey/ego/v4/engine.go:956.32,958.4 1 1
github.com/tochemey/ego/v4/engine.go:959.3,959.72 1 1
github.com/tochemey/ego/v4/engine.go:962.2,962.33 1 1
github.com/tochemey/ego/v4/engine.go:962.33,964.3 1 1
github.com/tochemey/ego/v4/engine.go:966.2,966.35 1 1
github.com/tochemey/ego/v4/engine.go:966.35,968.3 1 1
github.com/tochemey/ego/v4/engine.go:970.2,970.29 1 1
github.com/tochemey/ego/v4/engine.go:970.29,973.3 1 1
github.com/tochemey/ego/v4/engine.go:975.2,975.29 1 1
github.com/tochemey/ego/v4/engine.go:975.29,977.3 1 1
github.com/tochemey/ego/v4/engine.go:979.2,979.18 1 1
github.com/tochemey/ego/v4/engine.go:983.75,984.23 1 1
github.com/tochemey/ego/v4/engine.go:984.23,986.3 1 1
github.com/tochemey/ego/v4/engine.go:988.2,991.5 1 1
github.com/tochemey/ego/v4/engine.go:995.80,996.35 1 1
github.com/tochemey/ego/v4/engine.go:996.35,998.3 1 1
github.com/tochemey/ego/v4/engine.go:1000.2,1005.3 3 1
github.com/tochemey/ego/v4/engine.go:1009.40,1010.27 1 1
github.com/tochemey/ego/v4/engine.go:1010.27,1012.3 1 1
github.com/tochemey/ego/v4/engine.go:1016.60,1036.29 4 1
github.com/tochemey/ego/v4/engine.go:1036.29,1038.3 1 1
github.com/tochemey/ego/v4/engine.go:1040.2,1040.22 1 1
github.com/tochemey/ego/v4/engine.go:1044.52,1045.35 1 1
github.com/tochemey/ego/v4/engine.go:1045.35,1047.3 1 1
github.com/tochemey/ego/v4/engine.go:1048.2,1048.10 1 1
github.com/tochemey/ego/v4/engine.go:1052.73,1053.9 1 1
github.com/tochemey/ego/v4/engine.go:1054.38,1055.43 1 1
github.com/tochemey/ego/v4/engine.go:1056.37,1057.39 1 1
github.com/tochemey/ego/v4/engine.go:1058.10,1059.50 1 1
github.com/tochemey/ego/v4/engine.go:1064.88,1066.16 2 1
github.com/tochemey/ego/v4/engine.go:1066.16,1068.3 1 0
github.com/tochemey/ego/v4/engine.go:1070.2,1070.47 1 1
github.com/tochemey/ego/v4/engine.go:1070.47,1072.3 1 0
github.com/tochemey/ego/v4/engine.go:1074.2,1076.12 3 1
github.com/tochemey/ego/v4/engine.go:1080.55,1081.6 1 1
github.com/tochemey/ego/v4/engine.go:1081.6,1082.10 1 1
github.com/tochemey/ego/v4/engine.go:1083.22,1084.10 1 1
github.com/tochemey/ego/v4/engine.go:1085.50,1086.22 1 1
github.com/tochemey/ego/v4/engine.go:1086.22,1087.13 1 1
github.com/tochemey/ego/v4/engine.go:1090.4,1091.11 2 1
github.com/tochemey/ego/v4/engine.go:1091.11,1092.13 1 0
github.com/tochemey/ego/v4/engine.go:1095.4,1095.80 1 1
github.com/tochemey/ego/v4/engine.go:1095.80,1101.13 2 0
github.com/tochemey/ego/v4/engine.go:1104.4,1107.31 1 1
github.com/tochemey/ego/v4/engine.go:1113.55,1114.6 1 1
github.com/tochemey/ego/v4/engine.go:1114.6,1115.10 1 1
github.com/tochemey/ego/v4/engine.go:1116.22,1117.10 1 1
github.com/tochemey/ego/v4/engine.go:1118.50,1119.22 1 1
github.com/tochemey/ego/v4/engine.go:1119.22,1120.13 1 1
github.com/tochemey/ego/v4/engine.go:1123.4,1124.11 2 1
github.com/tochemey/ego/v4/engine.go:1124.11,1125.13 1 0
github.com/tochemey/ego/v4/engine.go:1128.4,1129.71 2 1
github.com/tochemey/ego/v4/engine.go:1129.71,1135.13 2 0
github.com/tochemey/ego/v4/engine.go:1138.4,1141.28 1 1
github.com/tochemey/ego/v4/event_sourced_actor.go:75.48,77.2 1 1
github.com/tochemey/ego/v4/event_sourced_actor.go:80.69,85.75 4 1
github.com/tochemey/ego/v4/event_sourced_actor.go:85.75,87.3 1 1
github.com/tochemey/ego/v4/event_sourced_actor.go:89.2,89.75 1 1
github.com/tochemey/ego/v4/event_sourced_actor.go:89.75,91.3 1 1
github.com/tochemey/ego/v4/event_sourced_actor.go:93.2,93.71 1 1
github.com/tochemey/ego/v4/event_sourced_actor.go:93.71,95.3 1 1
github.com/tochemey/ego/v4/event_sourced_actor.go:97.2,97.71 1 1
github.com/tochemey/ego/v4/event_sourced_actor.go:97.71,101.3 3 1
github.com/tochemey/ego/v4/event_sourced_actor.go:103.2,103.48 1 1
github.com/tochemey/ego/v4/event_sourced_actor.go:103.48,104.24 1 1
github.com/tochemey/ego/v4/event_sourced_actor.go:104.24,105.12 1 0
github.com/tochemey/ego/v4/event_sourced_actor.go:107.3,107.60 1 1
github.com/tochemey/ego/v4/event_sourced_actor.go:107.60,109.4 1 1
github.com/tochemey/ego/v4/event_sourced_actor.go:110.3,110.59 1 1
github.com/tochemey/ego/v4/event_sourced_actor.go:110.59,112.30 2 1
github.com/tochemey/ego/v4/event_sourced_actor.go:112.30,118.5 1 1
github.com/tochemey/ego/v4/event_sourced_actor.go:122.2,124.26 1 1
github.com/tochemey/ego/v4/event_sourced_actor.go:124.26,125.30 1 1
github.com/tochemey/ego/v4/event_sourced_actor.go:125.30,127.5 1 0
github.com/tochemey/ego/v4/event_sourced_actor.go:128.4,128.14 1 1
github.com/tochemey/ego/v4/event_sourced_actor.go:130.26,130.75 1 1
github.com/tochemey/ego/v4/event_sourced_actor.go:132.2,132.33 1 1
github.com/tochemey/ego/v4/event_sourced_actor.go:132.33,133.40 1 1
github.com/tochemey/ego/v4/event_sourced_actor.go:133.40,133.91 1 1
github.com/tochemey/ego/v4/event_sourced_actor.go:136.2,136.39 1 1
github.com/tochemey/ego/v4/event_sourced_actor.go:136.39,136.79 1 1
github.com/tochemey/ego/v4/event_sourced_actor.go:138.2,138.36 1 1
github.com/tochemey/ego/v4/event_sourced_actor.go:138.36,140.3 1 1
github.com/tochemey/ego/v4/event_sourced_actor.go:142.2,142.27 1 1
github.com/tochemey/ego/v4/event_sourced_actor.go:142.27,144.3 1 1
github.com/tochemey/ego/v4/event_sourced_actor.go:146.2,146.12 1 1
github.com/tochemey/ego/v4/event_sourced_actor.go:150.69,151.41 1 1
github.com/tochemey/ego/v4/event_sourced_actor.go:152.24,152.24 0 1
github.com/tochemey/ego/v4/event_sourced_actor.go:154.30,155.31 1 1
github.com/tochemey/ego/v4/event_sourced_actor.go:156.10,158.46 2 1
github.com/tochemey/ego/v4/event_sourced_actor.go:164.69,165.27 1 1
github.com/tochemey/ego/v4/event_sourced_actor.go:165.27,167.3 1 1
github.com/tochemey/ego/v4/event_sourced_actor.go:168.2,169.12 2 1
github.com/tochemey/ego/v4/event_sourced_actor.go:177.69,182.33 3 1
github.com/tochemey/ego/v4/event_sourced_actor.go:182.33,184.17 2 1
github.com/tochemey/ego/v4/event_sourced_actor.go:184.17,186.4 1 0
github.com/tochemey/ego/v4/event_sourced_actor.go:188.3,188.52 1 1
github.com/tochemey/ego/v4/event_sourced_actor.go:188.52,191.60 2 1
github.com/tochemey/ego/v4/event_sourced_actor.go:191.60,193.19 2 1
github.com/tochemey/ego/v4/event_sourced_actor.go:193.19,195.6 1 0
github.com/tochemey/ego/v4/event_sourced_actor.go:197.5,198.65 2 1
github.com/tochemey/ego/v4/event_sourced_actor.go:198.65,200.6 1 0
github.com/tochemey/ego/v4/event_sourced_actor.go:201.5,201.30 1 1
github.com/tochemey/ego/v4/event_sourced_actor.go:204.4,204.59 1 1
github.com/tochemey/ego/v4/event_sourced_actor.go:204.59,206.5 1 0
github.com/tochemey/ego/v4/event_sourced_actor.go:208.4,209.55 2 1
github.com/tochemey/ego/v4/event_sourced_actor.go:214.2,215.16 2 1
github.com/tochemey/ego/v4/event_sourced_actor.go:215.16,217.3 1 1
github.com/tochemey/ego/v4/event_sourced_actor.go:219.2,219.24 1 1
github.com/tochemey/ego/v4/event_sourced_actor.go:219.24,222.3 2 1
github.com/tochemey/ego/v4/event_sourced_actor.go:224.2,227.31 2 1
github.com/tochemey/ego/v4/event_sourced_actor.go:227.31,229.17 2 1
github.com/tochemey/ego/v4/event_sourced_actor.go:229.17,231.4 1 1
github.com/tochemey/ego/v4/event_sourced_actor.go:233.3,233.35 1 1
github.com/tochemey/ego/v4/event_sourced_actor.go:233.35,237.60 2 1
github.com/tochemey/ego/v4/event_sourced_actor.go:237.60,239.19 2 0
github.com/tochemey/ego/v4/event_sourced_actor.go:239.19,241.6 1 0
github.com/tochemey/ego/v4/event_sourced_actor.go:243.5,244.65 2 0
github.com/tochemey/ego/v4/event_sourced_actor.go:244.65,246.6 1 0
github.com/tochemey/ego/v4/event_sourced_actor.go:247.5,247.20 1 0
github.com/tochemey/ego/v4/event_sourced_actor.go:251.4,251.37 1 1
github.com/tochemey/ego/v4/event_sourced_actor.go:251.37,253.19 2 1
github.com/tochemey/ego/v4/event_sourced_actor.go:253.19,255.6 1 0
github.com/tochemey/ego/v4/event_sourced_actor.go:258.4,259.18 2 1
github.com/tochemey/ego/v4/event_sourced_actor.go:259.18,261.5 1 0
github.com/tochemey/ego/v4/event_sourced_actor.go:263.4,264.18 2 1
github.com/tochemey/ego/v4/event_sourced_actor.go:264.18,266.5 1 0
github.com/tochemey/ego/v4/event_sourced_actor.go:269.3,269.37 1 1
github.com/tochemey/ego/v4/event_sourced_actor.go:272.2,273.12 2 1
github.com/tochemey/ego/v4/event_sourced_actor.go:277.87,287.2 2 1
github.com/tochemey/ego/v4/event_sourced_actor.go:291.78,305.2 3 1
github.com/tochemey/ego/v4/event_sourced_actor.go:308.101,312.26 3 1
github.com/tochemey/ego/v4/event_sourced_actor.go:312.26,320.3 3 1
github.com/tochemey/ego/v4/event_sourced_actor.go:322.2,322.27 1 1
github.com/tochemey/ego/v4/event_sourced_actor.go:322.27,324.16 2 1
github.com/tochemey/ego/v4/event_sourced_actor.go:324.16,327.4 2 1
github.com/tochemey/ego/v4/event_sourced_actor.go:330.2,331.16 2 1
github.com/tochemey/ego/v4/event_sourced_actor.go:331.16,334.3 2 1
github.com/tochemey/ego/v4/event_sourced_actor.go:337.2,337.22 1 1
github.com/tochemey/ego/v4/event_sourced_actor.go:337.22,351.3 4 1
github.com/tochemey/ego/v4/event_sourced_actor.go:353.2,358.31 4 1
github.com/tochemey/ego/v4/event_sourced_actor.go:358.31,360.17 2 1
github.com/tochemey/ego/v4/event_sourced_actor.go:360.17,363.4 2 1
github.com/tochemey/ego/v4/event_sourced_actor.go:365.3,374.30 7 1
github.com/tochemey/ego/v4/event_sourced_actor.go:374.30,376.18 2 1
github.com/tochemey/ego/v4/event_sourced_actor.go:376.18,379.5 2 0
github.com/tochemey/ego/v4/event_sourced_actor.go:380.4,381.18 2 1
github.com/tochemey/ego/v4/event_sourced_actor.go:381.18,384.5 2 0
github.com/tochemey/ego/v4/event_sourced_actor.go:385.4,390.22 3 1
github.com/tochemey/ego/v4/event_sourced_actor.go:394.3,404.42 2 1
github.com/tochemey/ego/v4/event_sourced_actor.go:407.2,409.21 3 1
github.com/tochemey/ego/v4/event_sourced_actor.go:409.21,410.38 1 1
github.com/tochemey/ego/v4/event_sourced_actor.go:410.38,412.4 1 1
github.com/tochemey/ego/v4/event_sourced_actor.go:413.3,413.13 1 1
github.com/tochemey/ego/v4/event_sourced_actor.go:416.2,416.21 1 1
github.com/tochemey/ego/v4/event_sourced_actor.go:416.21,418.3 1 1
github.com/tochemey/ego/v4/event_sourced_actor.go:421.2,422.117 2 1
github.com/tochemey/ego/v4/event_sourced_actor.go:422.117,428.30 5 1
github.com/tochemey/ego/v4/event_sourced_actor.go:428.30,430.18 2 1
github.com/tochemey/ego/v4/event_sourced_actor.go:430.18,433.5 2 0
github.com/tochemey/ego/v4/event_sourced_actor.go:434.4,435.18 2 1
github.com/tochemey/ego/v4/event_sourced_actor.go:435.18,438.5 2 0
github.com/tochemey/ego/v4/event_sourced_actor.go:439.4,444.26 3 1
github.com/tochemey/ego/v4/event_sourced_actor.go:447.3,455.22 2 1
github.com/tochemey/ego/v4/event_sourced_actor.go:455.22,457.4 1 1
github.com/tochemey/ego/v4/event_sourced_actor.go:460.2,460.34 1 1
github.com/tochemey/ego/v4/event_sourced_actor.go:460.34,463.3 2 0
github.com/tochemey/ego/v4/event_sourced_actor.go:466.2,466.52 1 1
github.com/tochemey/ego/v4/event_sourced_actor.go:466.52,467.52 1 1
github.com/tochemey/ego/v4/event_sourced_actor.go:467.52,469.115 2 1
github.com/tochemey/ego/v4/event_sourced_actor.go:469.115,471.5 1 0
github.com/tochemey/ego/v4/event_sourced_actor.go:471.10,471.62 1 1
github.com/tochemey/ego/v4/event_sourced_actor.go:471.62,473.5 1 0
github.com/tochemey/ego/v4/event_sourced_actor.go:474.4,474.22 1 1
github.com/tochemey/ego/v4/event_sourced_actor.go:474.22,475.100 1 1
github.com/tochemey/ego/v4/event_sourced_actor.go:475.100,477.6 1 0
github.com/tochemey/ego/v4/event_sourced_actor.go:480.3,480.105 1 1
github.com/tochemey/ego/v4/event_sourced_actor.go:480.105,482.115 2 1
github.com/tochemey/ego/v4/event_sourced_actor.go:482.115,484.5 1 0
github.com/tochemey/ego/v4/event_sourced_actor.go:488.2,488.27 1 1
github.com/tochemey/ego/v4/event_sourced_actor.go:488.27,490.3 1 1
github.com/tochemey/ego/v4/event_sourced_actor.go:492.2,504.21 3 1
github.com/tochemey/ego/v4/option.go:55.38,57.2 1 1
github.com/tochemey/ego/v4/option.go:73.161,74.36 1 1
github.com/tochemey/ego/v4/option.go:74.36,83.3 8 1
github.com/tochemey/ego/v4/option.go:93.43,94.36 1 1
github.com/tochemey/ego/v4/option.go:94.36,96.3 1 1
github.com/tochemey/ego/v4/option.go:108.63,109.36 1 1
github.com/tochemey/ego/v4/option.go:109.36,111.3 1 1
github.com/tochemey/ego/v4/option.go:134.66,135.36 1 1
github.com/tochemey/ego/v4/option.go:135.36,137.3 1 1
github.com/tochemey/ego/v4/option.go:156.31,157.36 1 1
github.com/tochemey/ego/v4/option.go:157.36,159.3 1 1
github.com/tochemey/ego/v4/option.go:198.57,199.36 1 1
github.com/tochemey/ego/v4/option.go:199.36,200.21 1 1
github.com/tochemey/ego/v4/option.go:200.21,202.23 2 1
github.com/tochemey/ego/v4/option.go:202.23,204.5 1 1
github.com/tochemey/ego/v4/option.go:205.4,213.5 1 1
github.com/tochemey/ego/v4/option.go:228.72,229.36 1 1
github.com/tochemey/ego/v4/option.go:229.36,231.3 1 1
github.com/tochemey/ego/v4/option.go:244.49,245.36 1 1
github.com/tochemey/ego/v4/option.go:245.36,247.3 1 1
github.com/tochemey/ego/v4/option.go:265.70,266.36 1 1
github.com/tochemey/ego/v4/option.go:266.36,268.3 1 1
github.com/tochemey/ego/v4/option.go:281.59,282.36 1 1
github.com/tochemey/ego/v4/option.go:282.36,284.3 1 1
github.com/tochemey/ego/v4/option.go:305.40,306.36 1 1
github.com/tochemey/ego/v4/option.go:306.36,308.3 1 1
github.com/tochemey/ego/v4/projection_actor.go:42.44,44.2 1 1
github.com/tochemey/ego/v4/projection_actor.go:47.62,61.55 5 1
github.com/tochemey/ego/v4/projection_actor.go:61.55,63.3 1 1
github.com/tochemey/ego/v4/projection_actor.go:65.2,65.75 1 1
github.com/tochemey/ego/v4/projection_actor.go:65.75,67.3 1 1
github.com/tochemey/ego/v4/projection_actor.go:69.2,69.71 1 1
github.com/tochemey/ego/v4/projection_actor.go:69.71,71.3 1 1
github.com/tochemey/ego/v4/projection_actor.go:73.2,73.71 1 1
github.com/tochemey/ego/v4/projection_actor.go:73.71,76.23 3 1
github.com/tochemey/ego/v4/projection_actor.go:76.23,78.4 1 1
github.com/tochemey/ego/v4/projection_actor.go:81.2,83.54 2 1
github.com/tochemey/ego/v4/projection_actor.go:83.54,85.3 1 0
github.com/tochemey/ego/v4/projection_actor.go:87.2,87.22 1 1
github.com/tochemey/ego/v4/projection_actor.go:87.22,89.3 1 1
github.com/tochemey/ego/v4/projection_actor.go:91.2,91.12 1 1
github.com/tochemey/ego/v4/projection_actor.go:95.62,96.30 1 1
github.com/tochemey/ego/v4/projection_actor.go:97.24,98.30 1 1
github.com/tochemey/ego/v4/projection_actor.go:99.10,100.18 1 1
github.com/tochemey/ego/v4/projection_actor.go:105.62,106.22 1 1
github.com/tochemey/ego/v4/projection_actor.go:106.22,108.3 1 1
github.com/tochemey/ego/v4/projection_actor.go:109.2,109.24 1 1
github.com/tochemey/ego/v4/projection_runner.go:130.42,146.27 2 1
github.com/tochemey/ego/v4/projection_runner.go:146.27,148.3 1 1
github.com/tochemey/ego/v4/projection_runner.go:150.2,150.33 1 1
github.com/tochemey/ego/v4/projection_runner.go:150.33,150.63 1 1
github.com/tochemey/ego/v4/projection_runner.go:154.2,154.120 1 1
github.com/tochemey/ego/v4/projection_runner.go:154.120,160.3 1 1
github.com/tochemey/ego/v4/projection_runner.go:162.2,162.15 1 1
github.com/tochemey/ego/v4/projection_runner.go:166.61,167.22 1 1
github.com/tochemey/ego/v4/projection_runner.go:167.22,169.3 1 1
github.com/tochemey/ego/v4/projection_runner.go:171.2,171.27 1 1
github.com/tochemey/ego/v4/projection_runner.go:171.27,173.3 1 1
github.com/tochemey/ego/v4/projection_runner.go:175.2,175.26 1 1
github.com/tochemey/ego/v4/projection_runner.go:175.26,177.3 1 1
github.com/tochemey/ego/v4/projection_runner.go:182.2,190.65 3 1
github.com/tochemey/ego/v4/projection_runner.go:190.65,192.21 2 1
github.com/tochemey/ego/v4/projection_runner.go:192.21,194.4 1 1
github.com/tochemey/ego/v4/projection_runner.go:195.3,195.21 1 1
github.com/tochemey/ego/v4/projection_runner.go:195.21,197.4 1 1
github.com/tochemey/ego/v4/projection_runner.go:198.3,198.18 1 1
github.com/tochemey/ego/v4/projection_runner.go:201.2,201.16 1 1
github.com/tochemey/ego/v4/projection_runner.go:201.16,203.3 1 1
github.com/tochemey/ego/v4/projection_runner.go:205.2,205.40 1 1
github.com/tochemey/ego/v4/projection_runner.go:205.40,207.3 1 1
github.com/tochemey/ego/v4/projection_runner.go:210.2,220.23 6 1
github.com/tochemey/ego/v4/projection_runner.go:220.23,222.3 1 1
github.com/tochemey/ego/v4/projection_runner.go:224.2,224.12 1 1
github.com/tochemey/ego/v4/projection_runner.go:228.41,231.44 1 1
github.com/tochemey/ego/v4/projection_runner.go:231.44,233.3 1 1
github.com/tochemey/ego/v4/projection_runner.go:234.2,237.12 4 1
github.com/tochemey/ego/v4/projection_runner.go:241.42,243.2 1 1
github.com/tochemey/ego/v4/projection_runner.go:246.51,251.2 2 1
github.com/tochemey/ego/v4/projection_runner.go:258.64,259.6 1 1
github.com/tochemey/ego/v4/projection_runner.go:259.6,260.10 1 1
github.com/tochemey/ego/v4/projection_runner.go:261.23,262.10 1 1
github.com/tochemey/ego/v4/projection_runner.go:263.21,264.10 1 1
github.com/tochemey/ego/v4/projection_runner.go:265.25,266.25 1 1
github.com/tochemey/ego/v4/projection_runner.go:266.25,267.13 1 0
github.com/tochemey/ego/v4/projection_runner.go:270.4,271.18 2 1
github.com/tochemey/ego/v4/projection_runner.go:271.18,276.5 4 1
github.com/tochemey/ego/v4/projection_runner.go:278.4,278.24 1 1
github.com/tochemey/ego/v4/projection_runner.go:278.24,279.13 1 1
github.com/tochemey/ego/v4/projection_runner.go:283.4,287.33 4 1
github.com/tochemey/ego/v4/projection_runner.go:287.33,288.12 1 1
github.com/tochemey/ego/v4/projection_runner.go:289.54,290.18 1 1
github.com/tochemey/ego/v4/projection_runner.go:291.23,294.48 1 0
github.com/tochemey/ego/v4/projection_runner.go:294.48,296.7 1 0
github.com/tochemey/ego/v4/projection_runner.go:297.6,299.12 3 0
github.com/tochemey/ego/v4/projection_runner.go:303.4,307.11 3 1
github.com/tochemey/ego/v4/projection_runner.go:308.32,312.11 4 1
github.com/tochemey/ego/v4/projection_runner.go:313.12,313.12 0 1
github.com/tochemey/ego/v4/projection_runner.go:321.56,322.6 1 1
github.com/tochemey/ego/v4/projection_runner.go:322.6,323.10 1 1
github.com/tochemey/ego/v4/projection_runner.go:324.31,325.11 1 1
github.com/tochemey/ego/v4/projection_runner.go:325.11,327.5 1 0
github.com/tochemey/ego/v4/projection_runner.go:328.4,328.75 1 1
github.com/tochemey/ego/v4/projection_runner.go:328.75,331.12 1 1
github.com/tochemey/ego/v4/projection_runner.go:332.31,332.31 0 1
github.com/tochemey/ego/v4/projection_runner.go:333.13,333.13 0 0
github.com/tochemey/ego/v4/projection_runner.go:336.4,336.18 1 1
github.com/tochemey/ego/v4/projection_runner.go:337.21,338.10 1 1
github.com/tochemey/ego/v4/projection_runner.go:344.79,345.23 1 1
github.com/tochemey/ego/v4/projection_runner.go:345.23,347.3 1 1
github.com/tochemey/ego/v4/projection_runner.go:349.2,353.16 2 1
github.com/tochemey/ego/v4/projection_runner.go:353.16,355.3 1 1
github.com/tochemey/ego/v4/projection_runner.go:357.2,358.16 2 1
github.com/tochemey/ego/v4/projection_runner.go:358.16,360.3 1 1
github.com/tochemey/ego/v4/projection_runner.go:362.2,362.22 1 1
github.com/tochemey/ego/v4/projection_runner.go:362.22,364.3 1 1
github.com/tochemey/ego/v4/projection_runner.go:367.2,367.22 1 1
github.com/tochemey/ego/v4/projection_runner.go:367.22,374.16 4 1
github.com/tochemey/ego/v4/projection_runner.go:374.16,376.4 1 0
github.com/tochemey/ego/v4/projection_runner.go:377.3,379.93 3 1
github.com/tochemey/ego/v4/projection_runner.go:382.2,382.56 1 1
github.com/tochemey/ego/v4/projection_runner.go:386.112,388.16 2 1
github.com/tochemey/ego/v4/projection_runner.go:388.16,390.3 1 1
github.com/tochemey/ego/v4/projection_runner.go:392.2,393.32 2 1
github.com/tochemey/ego/v4/projection_runner.go:393.32,395.3 1 0
github.com/tochemey/ego/v4/projection_runner.go:397.2,397.24 1 1
github.com/tochemey/ego/v4/projection_runner.go:401.124,402.34 1 1
github.com/tochemey/ego/v4/projection_runner.go:402.34,403.77 1 1
github.com/tochemey/ego/v4/projection_runner.go:403.77,405.4 1 1
github.com/tochemey/ego/v4/projection_runner.go:407.2,407.12 1 1
github.com/tochemey/ego/v4/projection_runner.go:411.126,417.53 4 1
github.com/tochemey/ego/v4/projection_runner.go:417.53,419.17 2 0
github.com/tochemey/ego/v4/projection_runner.go:419.17,421.4 1 0
github.com/tochemey/ego/v4/projection_runner.go:422.3,423.63 2 0
github.com/tochemey/ego/v4/projection_runner.go:423.63,425.4 1 0
github.com/tochemey/ego/v4/projection_runner.go:426.3,426.20 1 0
github.com/tochemey/ego/v4/projection_runner.go:430.2,430.30 1 1
github.com/tochemey/ego/v4/projection_runner.go:430.30,432.17 2 1
github.com/tochemey/ego/v4/projection_runner.go:432.17,434.4 1 0
github.com/tochemey/ego/v4/projection_runner.go:435.3,435.18 1 1
github.com/tochemey/ego/v4/projection_runner.go:438.2,438.77 1 1
github.com/tochemey/ego/v4/projection_runner.go:438.77,440.3 1 1
github.com/tochemey/ego/v4/projection_runner.go:442.2,442.22 1 1
github.com/tochemey/ego/v4/projection_runner.go:442.22,444.3 1 1
github.com/tochemey/ego/v4/projection_runner.go:446.2,446.62 1 1
github.com/tochemey/ego/v4/projection_runner.go:450.126,451.37 1 1
github.com/tochemey/ego/v4/projection_runner.go:452.23,453.74 1 1
github.com/tochemey/ego/v4/projection_runner.go:453.74,456.4 2 1
github.com/tochemey/ego/v4/projection_runner.go:457.31,458.79 1 1
github.com/tochemey/ego/v4/projection_runner.go:458.79,460.4 1 1
github.com/tochemey/ego/v4/projection_runner.go:461.31,462.80 1 1
github.com/tochemey/ego/v4/projection_runner.go:462.80,464.4 1 1
github.com/tochemey/ego/v4/projection_runner.go:465.23,466.74 1 1
github.com/tochemey/ego/v4/projection_runner.go:466.74,469.4 2 1
github.com/tochemey/ego/v4/projection_runner.go:470.10,471.74 1 0
github.com/tochemey/ego/v4/projection_runner.go:471.74,474.4 2 0
github.com/tochemey/ego/v4/projection_runner.go:477.2,477.12 1 1
github.com/tochemey/ego/v4/projection_runner.go:481.142,482.36 1 1
github.com/tochemey/ego/v4/projection_runner.go:482.36,484.41 2 1
github.com/tochemey/ego/v4/projection_runner.go:484.41,486.4 1 1
github.com/tochemey/ego/v4/projection_runner.go:487.3,487.19 1 1
github.com/tochemey/ego/v4/projection_runner.go:489.2,489.35 1 1
github.com/tochemey/ego/v4/projection_runner.go:489.35,491.3 1 1
github.com/tochemey/ego/v4/projection_runner.go:493.2,493.12 1 1
github.com/tochemey/ego/v4/projection_runner.go:497.128,498.15 1 1
github.com/tochemey/ego/v4/projection_runner.go:498.15,499.47 1 1
github.com/tochemey/ego/v4/projection_runner.go:499.47,501.4 1 1
github.com/tochemey/ego/v4/projection_runner.go:504.2,504.59 1 1
github.com/tochemey/ego/v4/projection_runner.go:508.133,509.32 1 1
github.com/tochemey/ego/v4/projection_runner.go:509.32,511.3 1 1
github.com/tochemey/ego/v4/projection_runner.go:512.2,512.100 1 0
github.com/tochemey/ego/v4/projection_runner.go:512.100,514.3 1 0
github.com/tochemey/ego/v4/projection_runner.go:518.91,520.2 1 1
github.com/tochemey/ego/v4/projection_runner.go:527.122,535.64 2 1
github.com/tochemey/ego/v4/projection_runner.go:535.64,537.3 1 1
github.com/tochemey/ego/v4/projection_runner.go:538.2,538.12 1 1
github.com/tochemey/ego/v4/projection_runner.go:548.44,550.2 1 1
github.com/tochemey/ego/v4/projection_runner.go:553.44,558.2 1 1
github.com/tochemey/ego/v4/projection_runner.go:561.64,562.31 1 1
github.com/tochemey/ego/v4/projection_runner.go:562.31,563.94 1 1
github.com/tochemey/ego/v4/projection_runner.go:563.94,567.4 3 1
github.com/tochemey/ego/v4/projection_runner.go:570.2,570.12 1 1
github.com/tochemey/ego/v4/projection_runner_option.go:47.59,49.2 1 1
github.com/tochemey/ego/v4/projection_runner_option.go:53.60,54.57 1 1
github.com/tochemey/ego/v4/projection_runner_option.go:54.57,56.3 1 1
github.com/tochemey/ego/v4/projection_runner_option.go:61.53,62.57 1 1
github.com/tochemey/ego/v4/projection_runner_option.go:62.57,64.3 1 1
github.com/tochemey/ego/v4/projection_runner_option.go:68.58,69.57 1 1
github.com/tochemey/ego/v4/projection_runner_option.go:69.57,71.3 1 1
github.com/tochemey/ego/v4/projection_runner_option.go:75.58,76.57 1 1
github.com/tochemey/ego/v4/projection_runner_option.go:76.57,78.3 1 1
github.com/tochemey/ego/v4/projection_runner_option.go:82.49,83.57 1 1
github.com/tochemey/ego/v4/projection_runner_option.go:83.57,85.3 1 1
github.com/tochemey/ego/v4/projection_runner_option.go:89.71,90.57 1 1
github.com/tochemey/ego/v4/projection_runner_option.go:90.57,92.3 1 1
github.com/tochemey/ego/v4/projection_runner_option.go:96.79,97.57 1 1
github.com/tochemey/ego/v4/projection_runner_option.go:97.57,99.3 1 1
github.com/tochemey/ego/v4/projection_runner_option.go:103.75,104.57 1 1
github.com/tochemey/ego/v4/projection_runner_option.go:104.57,106.3 1 1
github.com/tochemey/ego/v4/projection_runner_option.go:110.43,111.57 1 1
github.com/tochemey/ego/v4/projection_runner_option.go:111.57,113.3 1 1
github.com/tochemey/ego/v4/projection_runner_option.go:117.59,118.57 1 1
github.com/tochemey/ego/v4/projection_runner_option.go:118.57,120.3 1 1
github.com/tochemey/ego/v4/saga.go:101.37,102.11 1 1
github.com/tochemey/ego/v4/saga.go:103.19,104.19 1 1
github.com/tochemey/ego/v4/saga.go:105.21,106.21 1 1
github.com/tochemey/ego/v4/saga.go:107.24,108.24 1 1
github.com/tochemey/ego/v4/saga.go:109.18,110.18 1 1
github.com/tochemey/ego/v4/saga.go:111.10,112.19 1 1
github.com/tochemey/ego/v4/saga_actor.go:66.32,70.2 1 1
github.com/tochemey/ego/v4/saga_actor.go:73.56,78.48 4 1
github.com/tochemey/ego/v4/saga_actor.go:78.48,79.24 1 1
github.com/tochemey/ego/v4/saga_actor.go:79.24,80.12 1 0
github.com/tochemey/ego/v4/saga_actor.go:82.3,82.52 1 1
github.com/tochemey/ego/v4/saga_actor.go:82.52,84.4 1 1
github.com/tochemey/ego/v4/saga_actor.go:85.3,85.57 1 1
github.com/tochemey/ego/v4/saga_actor.go:85.57,87.4 1 1
github.com/tochemey/ego/v4/saga_actor.go:90.2,90.23 1 1
github.com/tochemey/ego/v4/saga_actor.go:90.23,92.3 1 0
github.com/tochemey/ego/v4/saga_actor.go:94.2,94.58 1 1
github.com/tochemey/ego/v4/saga_actor.go:94.58,96.3 1 0
github.com/tochemey/ego/v4/saga_actor.go:98.2,98.49 1 1
github.com/tochemey/ego/v4/saga_actor.go:98.49,100.3 1 0
github.com/tochemey/ego/v4/saga_actor.go:103.2,106.31 4 1
github.com/tochemey/ego/v4/saga_actor.go:106.31,108.3 1 1
github.com/tochemey/ego/v4/saga_actor.go:110.2,110.12 1 1
github.com/tochemey/ego/v4/saga_actor.go:114.56,115.30 1 1
github.com/tochemey/ego/v4/saga_actor.go:116.24,120.20 2 1
github.com/tochemey/ego/v4/saga_actor.go:120.20,123.4 2 1
github.com/tochemey/ego/v4/saga_actor.go:124.23,125.30 1 0
github.com/tochemey/ego/v4/saga_actor.go:125.30,128.4 2 0
github.com/tochemey/ego/v4/saga_actor.go:129.30,130.24 1 1
github.com/tochemey/ego/v4/saga_actor.go:131.10,132.18 1 0
github.com/tochemey/ego/v4/saga_actor.go:137.54,139.25 2 1
github.com/tochemey/ego/v4/saga_actor.go:139.25,141.3 1 1
github.com/tochemey/ego/v4/saga_actor.go:142.2,142.12 1 1
github.com/tochemey/ego/v4/saga_actor.go:146.56,151.16 4 1
github.com/tochemey/ego/v4/saga_actor.go:151.16,153.3 1 0
github.com/tochemey/ego/v4/saga_actor.go:155.2,155.24 1 1
github.com/tochemey/ego/v4/saga_actor.go:155.24,157.3 1 1
github.com/tochemey/ego/v4/saga_actor.go:159.2,161.16 3 0
github.com/tochemey/ego/v4/saga_actor.go:161.16,163.3 1 0
github.com/tochemey/ego/v4/saga_actor.go:165.2,165.34 1 0
github.com/tochemey/ego/v4/saga_actor.go:165.34,167.17 2 0
github.com/tochemey/ego/v4/saga_actor.go:167.17,169.4 1 0
github.com/tochemey/ego/v4/saga_actor.go:171.3,172.17 2 0
github.com/tochemey/ego/v4/saga_actor.go:172.17,174.4 1 0
github.com/tochemey/ego/v4/saga_actor.go:177.2,178.12 2 0
github.com/tochemey/ego/v4/saga_actor.go:182.62,183.6 1 1
github.com/tochemey/ego/v4/saga_actor.go:183.6,184.10 1 1
github.com/tochemey/ego/v4/saga_actor.go:185.19,186.10 1 1
github.com/tochemey/ego/v4/saga_actor.go:187.45,188.22 1 1
github.com/tochemey/ego/v4/saga_actor.go:188.22,189.13 1 1
github.com/tochemey/ego/v4/saga_actor.go:191.4,191.31 1 0
github.com/tochemey/ego/v4/saga_actor.go:191.31,192.13 1 0
github.com/tochemey/ego/v4/saga_actor.go:195.4,196.11 2 0
github.com/tochemey/ego/v4/saga_actor.go:196.11,197.13 1 0
github.com/tochemey/ego/v4/saga_actor.go:201.4,201.44 1 0
github.com/tochemey/ego/v4/saga_actor.go:201.44,202.13 1 0
github.com/tochemey/ego/v4/saga_actor.go:205.4,206.18 2 0
github.com/tochemey/ego/v4/saga_actor.go:206.18,208.13 2 0
github.com/tochemey/ego/v4/saga_actor.go:211.4,212.18 2 0
github.com/tochemey/ego/v4/saga_actor.go:212.18,214.13 2 0
github.com/tochemey/ego/v4/saga_actor.go:217.4,217.32 1 0
github.com/tochemey/ego/v4/saga_actor.go:223.82,224.19 1 0
github.com/tochemey/ego/v4/saga_actor.go:224.19,226.3 1 0
github.com/tochemey/ego/v4/saga_actor.go:229.2,229.28 1 0
github.com/tochemey/ego/v4/saga_actor.go:229.28,230.79 1 0
github.com/tochemey/ego/v4/saga_actor.go:230.79,233.4 2 0
github.com/tochemey/ego/v4/saga_actor.go:237.2,237.38 1 0
github.com/tochemey/ego/v4/saga_actor.go:237.38,239.3 1 0
github.com/tochemey/ego/v4/saga_actor.go:242.2,242.21 1 0
github.com/tochemey/ego/v4/saga_actor.go:242.21,245.3 2 0
github.com/tochemey/ego/v4/saga_actor.go:248.2,248.23 1 0
github.com/tochemey/ego/v4/saga_actor.go:248.23,251.3 2 0
github.com/tochemey/ego/v4/saga_actor.go:255.86,257.31 2 0
github.com/tochemey/ego/v4/saga_actor.go:257.31,270.17 6 0
github.com/tochemey/ego/v4/saga_actor.go:270.17,272.4 1 0
github.com/tochemey/ego/v4/saga_actor.go:273.3,273.28 1 0
github.com/tochemey/ego/v4/saga_actor.go:276.2,276.50 1 0
github.com/tochemey/ego/v4/saga_actor.go:280.77,282.18 2 0
github.com/tochemey/ego/v4/saga_actor.go:282.18,284.3 1 0
github.com/tochemey/ego/v4/saga_actor.go:286.2,288.16 3 0
github.com/tochemey/ego/v4/saga_actor.go:288.16,290.23 2 0
github.com/tochemey/ego/v4/saga_actor.go:290.23,293.4 2 0
github.com/tochemey/ego/v4/saga_actor.go:294.3,295.9 2 0
github.com/tochemey/ego/v4/saga_actor.go:299.2,300.9 2 0
github.com/tochemey/ego/v4/saga_actor.go:300.9,303.3 2 0
github.com/tochemey/ego/v4/saga_actor.go:305.2,306.16 2 0
github.com/tochemey/ego/v4/saga_actor.go:306.16,308.23 2 0
github.com/tochemey/ego/v4/saga_actor.go:308.23,311.4 2 0
github.com/tochemey/ego/v4/saga_actor.go:312.3,313.9 2 0
github.com/tochemey/ego/v4/saga_actor.go:316.2,317.16 2 0
github.com/tochemey/ego/v4/saga_actor.go:317.16,320.3 2 0
github.com/tochemey/ego/v4/saga_actor.go:321.2,321.30 1 0
github.com/tochemey/ego/v4/saga_actor.go:325.59,327.16 2 0
github.com/tochemey/ego/v4/saga_actor.go:327.16,331.3 3 0
github.com/tochemey/ego/v4/saga_actor.go:333.2,333.31 1 0
github.com/tochemey/ego/v4/saga_actor.go:333.31,335.19 2 0
github.com/tochemey/ego/v4/saga_actor.go:335.19,337.4 1 0
github.com/tochemey/ego/v4/saga_actor.go:338.3,339.97 2 0
github.com/tochemey/ego/v4/saga_actor.go:339.97,343.4 3 0
github.com/tochemey/ego/v4/saga_actor.go:346.2,346.26 1 0
github.com/tochemey/ego/v4/saga_actor.go:350.63,362.2 3 1
github.com/tochemey/ego/v4/spawn_config.go:81.55,86.27 2 1
github.com/tochemey/ego/v4/spawn_config.go:86.27,88.3 1 1
github.com/tochemey/ego/v4/spawn_config.go:89.2,89.15 1 1
github.com/tochemey/ego/v4/spawn_config.go:105.44,107.2 1 1
github.com/tochemey/ego/v4/spawn_config.go:114.58,115.47 1 1
github.com/tochemey/ego/v4/spawn_config.go:115.47,117.3 1 1
github.com/tochemey/ego/v4/spawn_config.go:137.50,138.47 1 1
github.com/tochemey/ego/v4/spawn_config.go:138.47,140.3 1 1
github.com/tochemey/ego/v4/spawn_config.go:147.73,148.47 1 1
github.com/tochemey/ego/v4/spawn_config.go:148.47,150.3 1 1
github.com/tochemey/ego/v4/spawn_config.go:159.53,160.47 1 1
github.com/tochemey/ego/v4/spawn_config.go:160.47,162.3 1 1
github.com/tochemey/ego/v4/spawn_config.go:168.62,169.47 1 1
github.com/tochemey/ego/v4/spawn_config.go:169.47,171.3 1 1
github.com/tochemey/ego/v4/spawn_config.go:185.61,186.47 1 1
github.com/tochemey/ego/v4/spawn_config.go:186.47,188.3 1 1
github.com/tochemey/ego/v4/telemetry.go:54.46,55.18 1 1
github.com/tochemey/ego/v4/telemetry.go:55.18,57.3 1 1
github.com/tochemey/ego/v4/telemetry.go:59.2,108.3 10 1
